{"/home/edevaud/forgeai/src/server/routes/api.js": {"path":"/home/edevaud/forgeai/src/server/routes/api.js","statementMap":{"0":{"start":{"line":1,"column":16},"end":{"line":1,"column":34}},"1":{"start":{"line":3,"column":15},"end":{"line":3,"column":31}},"2":{"start":{"line":5,"column":12},"end":{"line":9,"column":1}},"3":{"start":{"line":10,"column":13},"end":{"line":10,"column":14}},"4":{"start":{"line":13,"column":20},"end":{"line":13,"column":28}},"5":{"start":{"line":14,"column":2},"end":{"line":16,"column":3}},"6":{"start":{"line":15,"column":4},"end":{"line":15,"column":66}},"7":{"start":{"line":17,"column":2},"end":{"line":17,"column":9}},"8":{"start":{"line":20,"column":0},"end":{"line":22,"column":3}},"9":{"start":{"line":21,"column":2},"end":{"line":21,"column":18}},"10":{"start":{"line":24,"column":0},"end":{"line":31,"column":3}},"11":{"start":{"line":25,"column":13},"end":{"line":25,"column":36}},"12":{"start":{"line":26,"column":15},"end":{"line":26,"column":43}},"13":{"start":{"line":26,"column":31},"end":{"line":26,"column":42}},"14":{"start":{"line":27,"column":2},"end":{"line":29,"column":3}},"15":{"start":{"line":28,"column":4},"end":{"line":28,"column":62}},"16":{"start":{"line":30,"column":2},"end":{"line":30,"column":17}},"17":{"start":{"line":33,"column":0},"end":{"line":41,"column":3}},"18":{"start":{"line":34,"column":15},"end":{"line":38,"column":3}},"19":{"start":{"line":39,"column":2},"end":{"line":39,"column":19}},"20":{"start":{"line":40,"column":2},"end":{"line":40,"column":29}},"21":{"start":{"line":43,"column":0},"end":{"line":59,"column":3}},"22":{"start":{"line":44,"column":13},"end":{"line":44,"column":36}},"23":{"start":{"line":45,"column":15},"end":{"line":45,"column":43}},"24":{"start":{"line":45,"column":31},"end":{"line":45,"column":42}},"25":{"start":{"line":46,"column":2},"end":{"line":48,"column":3}},"26":{"start":{"line":47,"column":4},"end":{"line":47,"column":62}},"27":{"start":{"line":49,"column":2},"end":{"line":54,"column":3}},"28":{"start":{"line":50,"column":4},"end":{"line":52,"column":5}},"29":{"start":{"line":51,"column":6},"end":{"line":51,"column":68}},"30":{"start":{"line":53,"column":4},"end":{"line":53,"column":39}},"31":{"start":{"line":55,"column":2},"end":{"line":57,"column":3}},"32":{"start":{"line":56,"column":4},"end":{"line":56,"column":49}},"33":{"start":{"line":58,"column":2},"end":{"line":58,"column":17}},"34":{"start":{"line":61,"column":0},"end":{"line":69,"column":3}},"35":{"start":{"line":62,"column":13},"end":{"line":62,"column":36}},"36":{"start":{"line":63,"column":16},"end":{"line":63,"column":49}},"37":{"start":{"line":63,"column":37},"end":{"line":63,"column":48}},"38":{"start":{"line":64,"column":2},"end":{"line":66,"column":3}},"39":{"start":{"line":65,"column":4},"end":{"line":65,"column":62}},"40":{"start":{"line":67,"column":2},"end":{"line":67,"column":25}},"41":{"start":{"line":68,"column":2},"end":{"line":68,"column":25}},"42":{"start":{"line":71,"column":0},"end":{"line":71,"column":35}}},"fnMap":{"0":{"name":"validateTodo","decl":{"start":{"line":12,"column":9},"end":{"line":12,"column":21}},"loc":{"start":{"line":12,"column":38},"end":{"line":18,"column":1}},"line":12},"1":{"name":"(anonymous_1)","decl":{"start":{"line":20,"column":21},"end":{"line":20,"column":22}},"loc":{"start":{"line":20,"column":35},"end":{"line":22,"column":1}},"line":20},"2":{"name":"(anonymous_2)","decl":{"start":{"line":24,"column":25},"end":{"line":24,"column":26}},"loc":{"start":{"line":24,"column":39},"end":{"line":31,"column":1}},"line":24},"3":{"name":"(anonymous_3)","decl":{"start":{"line":26,"column":26},"end":{"line":26,"column":27}},"loc":{"start":{"line":26,"column":31},"end":{"line":26,"column":42}},"line":26},"4":{"name":"(anonymous_4)","decl":{"start":{"line":33,"column":36},"end":{"line":33,"column":37}},"loc":{"start":{"line":33,"column":50},"end":{"line":41,"column":1}},"line":33},"5":{"name":"(anonymous_5)","decl":{"start":{"line":43,"column":27},"end":{"line":43,"column":28}},"loc":{"start":{"line":43,"column":41},"end":{"line":59,"column":1}},"line":43},"6":{"name":"(anonymous_6)","decl":{"start":{"line":45,"column":26},"end":{"line":45,"column":27}},"loc":{"start":{"line":45,"column":31},"end":{"line":45,"column":42}},"line":45},"7":{"name":"(anonymous_7)","decl":{"start":{"line":61,"column":28},"end":{"line":61,"column":29}},"loc":{"start":{"line":61,"column":42},"end":{"line":69,"column":1}},"line":61},"8":{"name":"(anonymous_8)","decl":{"start":{"line":63,"column":32},"end":{"line":63,"column":33}},"loc":{"start":{"line":63,"column":37},"end":{"line":63,"column":48}},"line":63}},"branchMap":{"0":{"loc":{"start":{"line":14,"column":2},"end":{"line":16,"column":3}},"type":"if","locations":[{"start":{"line":14,"column":2},"end":{"line":16,"column":3}},{"start":{},"end":{}}],"line":14},"1":{"loc":{"start":{"line":14,"column":6},"end":{"line":14,"column":64}},"type":"binary-expr","locations":[{"start":{"line":14,"column":6},"end":{"line":14,"column":12}},{"start":{"line":14,"column":16},"end":{"line":14,"column":41}},{"start":{"line":14,"column":45},"end":{"line":14,"column":64}}],"line":14},"2":{"loc":{"start":{"line":27,"column":2},"end":{"line":29,"column":3}},"type":"if","locations":[{"start":{"line":27,"column":2},"end":{"line":29,"column":3}},{"start":{},"end":{}}],"line":27},"3":{"loc":{"start":{"line":46,"column":2},"end":{"line":48,"column":3}},"type":"if","locations":[{"start":{"line":46,"column":2},"end":{"line":48,"column":3}},{"start":{},"end":{}}],"line":46},"4":{"loc":{"start":{"line":49,"column":2},"end":{"line":54,"column":3}},"type":"if","locations":[{"start":{"line":49,"column":2},"end":{"line":54,"column":3}},{"start":{},"end":{}}],"line":49},"5":{"loc":{"start":{"line":50,"column":4},"end":{"line":52,"column":5}},"type":"if","locations":[{"start":{"line":50,"column":4},"end":{"line":52,"column":5}},{"start":{},"end":{}}],"line":50},"6":{"loc":{"start":{"line":50,"column":8},"end":{"line":50,"column":93}},"type":"binary-expr","locations":[{"start":{"line":50,"column":8},"end":{"line":50,"column":23}},{"start":{"line":50,"column":27},"end":{"line":50,"column":61}},{"start":{"line":50,"column":65},"end":{"line":50,"column":93}}],"line":50},"7":{"loc":{"start":{"line":55,"column":2},"end":{"line":57,"column":3}},"type":"if","locations":[{"start":{"line":55,"column":2},"end":{"line":57,"column":3}},{"start":{},"end":{}}],"line":55},"8":{"loc":{"start":{"line":64,"column":2},"end":{"line":66,"column":3}},"type":"if","locations":[{"start":{"line":64,"column":2},"end":{"line":66,"column":3}},{"start":{},"end":{}}],"line":64}},"s":{"0":1,"1":1,"2":1,"3":1,"4":3,"5":3,"6":2,"7":1,"8":1,"9":2,"10":1,"11":3,"12":3,"13":6,"14":3,"15":2,"16":1,"17":1,"18":1,"19":1,"20":1,"21":1,"22":5,"23":5,"24":10,"25":5,"26":1,"27":4,"28":3,"29":1,"30":2,"31":3,"32":2,"33":3,"34":1,"35":2,"36":2,"37":4,"38":2,"39":1,"40":1,"41":1,"42":1},"f":{"0":3,"1":2,"2":3,"3":6,"4":1,"5":5,"6":10,"7":2,"8":4},"b":{"0":[2,1],"1":[3,1,1],"2":[2,1],"3":[1,4],"4":[3,1],"5":[1,2],"6":[3,3,3],"7":[2,1],"8":[1,1]},"_coverageSchema":"1a1c01bbd47fc00a2c39e90264f33305004495a9","hash":"8b0a2210494730d4fcd4de9aa2ccdfd839bc5c84"}
}
