TN:
SF:src/server/routes/api.js
FN:12,validateTodo
FN:20,(anonymous_1)
FN:24,(anonymous_2)
FN:26,(anonymous_3)
FN:33,(anonymous_4)
FN:43,(anonymous_5)
FN:45,(anonymous_6)
FN:61,(anonymous_7)
FN:63,(anonymous_8)
FNF:9
FNH:9
FNDA:3,validateTodo
FNDA:2,(anonymous_1)
FNDA:3,(anonymous_2)
FNDA:6,(anonymous_3)
FNDA:1,(anonymous_4)
FNDA:5,(anonymous_5)
FNDA:10,(anonymous_6)
FNDA:2,(anonymous_7)
FNDA:4,(anonymous_8)
DA:1,1
DA:3,1
DA:5,1
DA:10,1
DA:13,3
DA:14,3
DA:15,2
DA:17,1
DA:20,1
DA:21,2
DA:24,1
DA:25,3
DA:26,6
DA:27,3
DA:28,2
DA:30,1
DA:33,1
DA:34,1
DA:39,1
DA:40,1
DA:43,1
DA:44,5
DA:45,10
DA:46,5
DA:47,1
DA:49,4
DA:50,3
DA:51,1
DA:53,2
DA:55,3
DA:56,2
DA:58,3
DA:61,1
DA:62,2
DA:63,4
DA:64,2
DA:65,1
DA:67,1
DA:68,1
DA:71,1
LF:40
LH:40
BRDA:14,0,0,2
BRDA:14,0,1,1
BRDA:14,1,0,3
BRDA:14,1,1,1
BRDA:14,1,2,1
BRDA:27,2,0,2
BRDA:27,2,1,1
BRDA:46,3,0,1
BRDA:46,3,1,4
BRDA:49,4,0,3
BRDA:49,4,1,1
BRDA:50,5,0,1
BRDA:50,5,1,2
BRDA:50,6,0,3
BRDA:50,6,1,3
BRDA:50,6,2,3
BRDA:55,7,0,2
BRDA:55,7,1,1
BRDA:64,8,0,1
BRDA:64,8,1,1
BRF:20
BRH:20
end_of_record
